1517993507450	geckodriver	INFO	geckodriver 0.19.1 (0000000000000000000000000000000000000000 2017-10-31)
1517993507450	geckodriver	INFO	Listening on 127.0.0.1:20078
1517993507980	mozrunner::runner	INFO	Running command: "C:\\Program Files\\Mozilla Firefox\\firefox.exe" "-marionette" "-profile" "C:\\Users\\win7\\AppData\\Local\\Temp\\rust_mozprofile.Ky3fs25WieVk"
1517993508889	Marionette	INFO	Enabled via --marionette
1517993512105	Marionette	INFO	Listening on port 20083
1517993512356	Marionette	WARN	TLS certificate errors will be ignored for this session
JavaScript warning: http://192.168.8.13:9090/res/js/jquery.min.js, line 4: Using //@ to indicate sourceMappingURL pragmas is deprecated. Use //# instead
JavaScript warning: http://192.168.8.13:9090/res/js/jquery.min.js, line 4: Using //@ to indicate sourceMappingURL pragmas is deprecated. Use //# instead
JavaScript warning: http://192.168.8.13:9090/res/js/jquery.min.js, line 4: Using //@ to indicate sourceMappingURL pragmas is deprecated. Use //# instead
JavaScript warning: http://192.168.8.13:9090/res/js/jquery.min.js, line 4: Using //@ to indicate sourceMappingURL pragmas is deprecated. Use //# instead
JavaScript error: http://192.168.8.13:9090/res/js/jquery.easyui.min.js, line 9031: TypeError: rows is undefined
[Parent 2352, Gecko_IOThread] WARNING: pipe error: 109: file z:/build/build/src/ipc/chromium/src/chrome/common/ipc_channel_win.cc, line 346
[Parent 2352, Gecko_IOThread] WARNING: pipe error: 109: file z:/build/build/src/ipc/chromium/src/chrome/common/ipc_channel_win.cc, line 346
[Child 15640, Chrome_ChildThread] WARNING: pipe error: 109: file z:/build/build/src/ipc/chromium/src/chrome/common/ipc_channel_win.cc, line 346
[Child 15640, Chrome_ChildThread] WARNING: pipe error: 109: file z:/build/build/src/ipc/chromium/src/chrome/common/ipc_channel_win.cc, line 346
[Child 10472, Chrome_ChildThread] WARNING: pipe error: 109: file z:/build/build/src/ipc/chromium/src/chrome/common/ipc_channel_win.cc, line 346
[Child 10472, Chrome_ChildThread] WARNING: pipe error: 109: file z:/build/build/src/ipc/chromium/src/chrome/common/ipc_channel_win.cc, line 346
[Parent 2352, Gecko_IOThread] WARNING: pipe error: 109: file z:/build/build/src/ipc/chromium/src/chrome/common/ipc_channel_win.cc, line 346
*** UTM:SVC TimerManager:registerTimer called after profile-before-change notification. Ignoring timer registration for id: telemetry_modules_ping
1517993536013	geckodriver	INFO	geckodriver 0.19.1 (0000000000000000000000000000000000000000 2017-10-31)
1517993536029	geckodriver	INFO	Listening on 127.0.0.1:20145
1517993536575	mozrunner::runner	INFO	Running command: "C:\\Program Files\\Mozilla Firefox\\firefox.exe" "-marionette" "-profile" "C:\\Users\\win7\\AppData\\Local\\Temp\\rust_mozprofile.cmlCDoEqKSeq"
1517993537385	Marionette	INFO	Enabled via --marionette
1517993539816	Marionette	INFO	Listening on port 20150
1517993539928	Marionette	WARN	TLS certificate errors will be ignored for this session
JavaScript warning: http://192.168.8.13:9090/res/js/jquery.min.js, line 4: Using //@ to indicate sourceMappingURL pragmas is deprecated. Use //# instead
JavaScript warning: http://192.168.8.13:9090/res/js/jquery.min.js, line 4: Using //@ to indicate sourceMappingURL pragmas is deprecated. Use //# instead
JavaScript warning: http://192.168.8.13:9090/res/js/jquery.min.js, line 4: Using //@ to indicate sourceMappingURL pragmas is deprecated. Use //# instead
1517993586794	addons.productaddons	WARN	Failed downloading via XHR, status: 0, reason: error
[Parent 11068, Gecko_IOThread] WARNING: pipe error: 109: file z:/build/build/src/ipc/chromium/src/chrome/common/ipc_channel_win.cc, line 346
[Parent 11068, Gecko_IOThread] WARNING: pipe error: 109: file z:/build/build/src/ipc/chromium/src/chrome/common/ipc_channel_win.cc, line 346
[Child 13196, Chrome_ChildThread] WARNING: pipe error: 109: file z:/build/build/src/ipc/chromium/src/chrome/common/ipc_channel_win.cc, line 346
[Child 13196, Chrome_ChildThread] WARNING: pipe error: 109: file z:/build/build/src/ipc/chromium/src/chrome/common/ipc_channel_win.cc, line 346
[Child 8368, Chrome_ChildThread] WARNING: pipe error: 109: file z:/build/build/src/ipc/chromium/src/chrome/common/ipc_channel_win.cc, line 346
[Child 8368, Chrome_ChildThread] WARNING: pipe error: 109: file z:/build/build/src/ipc/chromium/src/chrome/common/ipc_channel_win.cc, line 346
hild 13384, Chrome_ChildThread] WARNING: pipe error: 109: file z:/build/build/src/ipc/chromium/src/chrome/common/ipc_channel_win.cc, line 346
[Child 11832, Chrome_ChildThread] WARNING: pipe error: 109: file z:/build/build/src/ipc/chromium/src/chrome/common/ipc_channel_win.cc, line 346
[Child 11832, Chrome_ChildThread] WARNING: pipe error: 109: file z:/build/build/src/ipc/chromium/src/chrome/common/ipc_channel_win.cc, line 346
[Child 15240, Chrome_ChildThread] WARNING: pipe error: 109: file z:/build/build/src/ipc/chromium/src/chrome/common/ipc_channel_win.cc, line 346
[Child 15240, Chrome_ChildThread] WARNING: pipe error: 109: file z:/build/build/src/ipc/chromium/src/chrome/common/ipc_channel_win.cc, line 346
*** UTM:SVC TimerManager:registerTimer called after profile-before-change notification. Ignoring timer registration for id: telemetry_modules_ping
1517993860769	geckodriver	INFO	geckodriver 0.19.1 (0000000000000000000000000000000000000000 2017-10-31)
1517993860769	geckodriver	INFO	Listening on 127.0.0.1:20251
1517993861300	mozrunner::runner	INFO	Running command: "C:\\Program Files\\Mozilla Firefox\\firefox.exe" "-marionette" "-profile" "C:\\Users\\win7\\AppData\\Local\\Temp\\rust_mozprofile.EMqEnzcHToXX"
1517993861986	Marionette	INFO	Enabled via --marionette
1517993864226	Marionette	INFO	Listening on port 20256
1517993864571	Marionette	WARN	TLS certificate errors will be ignored for this session
JavaScript warning: http://192.168.8.13:9090/res/js/jquery.min.js, line 4: Using //@ to indicate sourceMappingURL pragmas is deprecated. Use //# instead
JavaScript warning: http://192.168.8.13:9090/res/js/jquery.min.js, line 4: Using //@ to indicate sourceMappingURL pragmas is deprecated. Use //# instead
JavaScript warning: http://192.168.8.13:9090/res/js/jquery.min.js, line 4: Using //@ to indicate sourceMappingURL pragmas is deprecated. Use //# instead
[Parent 12808, Gecko_IOThread] WARNING: pipe error: 109: file z:/build/build/src/ipc/chromium/src/chrome/common/ipc_channel_win.cc, line 346
[Parent 12808, Gecko_IOThread] WARNING: pipe error: 109: file z:/build/build/src/ipc/chromium/src/chrome/common/ipc_channel_win.cc, line 346
[Child 2264, Chrome_ChildThread] WARNING: pipe error: 109: file z:/build/build/src/ipc/chromium/src/chrome/common/ipc_channel_win.cc, line 346
[Child 2264, Chrome_ChildThread] WARNING: pipe error: 109: file z:/build/build/src/ipc/chromium/src/chrome/common/ipc_channel_win.cc, line 346
[Parent 12808, Gecko_IOThread] WARNING: pipe error: 109: file z:/build/build/src/ipc/chromium/src/chrome/common/ipc_channel_win.cc, line 346
[Child 9744, Chrome_ChildThread] WARNING: pipe error: 109: file z:/build/build/src/ipc/chromium/src/chrome/common/ipc_channel_win.cc, line 346
[Child 9744, Chrome_ChildThread] WARNING: pipe error: 109: file z:/build/build/src/ipc/chromium/src/chrome/common/ipc_channel_win.cc, line 346
*** UTM:SVC TimerManager:registerTimer called after profile-before-change notification. Ignoring timer registration for id: telemetry_modules_ping
1517994105242	geckodriver	INFO	geckodriver 0.19.1 (0000000000000000000000000000000000000000 2017-10-31)
1517994105242	geckodriver	INFO	Listening on 127.0.0.1:20348
1517994105819	mozrunner::runner	INFO	Running command: "C:\\Program Files\\Mozilla Firefox\\firefox.exe" "-marionette" "-profile" "C:\\Users\\win7\\AppData\\Local\\Temp\\rust_mozprofile.A047WBxaqdc4"
1517994106681	Marionette	INFO	Enabled via --marionette
1517994110039	Marionette	INFO	Listening on port 20353
1517994110194	Marionette	WARN	TLS certificate errors will be ignored for this session
JavaScript warning: http://192.168.8.13:9090/res/js/jquery.min.js, line 4: Using //@ to indicate sourceMappingURL pragmas is deprecated. Use //# instead
JavaScript warning: http://192.168.8.13:9090/res/js/jquery.min.js, line 4: Using //@ to indicate sourceMappingURL pragmas is deprecated. Use //# instead
JavaScript warning: http://192.168.8.13:9090/res/js/jquery.min.js, line 4: Using //@ to indicate sourceMappingURL pragmas is deprecated. Use //# instead
[Parent 9700, Gecko_IOThread] WARNING: pipe error: 109: file z:/build/build/src/ipc/chromium/src/chrome/common/ipc_channel_win.cc, line 346
[Child 6640, Chrome_ChildThread] WARNING: pipe error: 109: file z:/build/build/src/ipc/chromium/src/chrome/common/ipc_channel_win.cc, line 346
[Child 6640, Chrome_ChildThread] WARNING: pipe error: 109: file z:/build/build/src/ipc/chromium/src/chrome/common/ipc_channel_win.cc, line 346
[Child 6004, Chrome_ChildThread] WARNING: pipe error: 109: file z:/build/build/src/ipc/chromium/src/chrome/common/ipc_channel_win.cc, line 346
[Child 5608, Chrome_ChildThread] WARNING: pipe error: 109: file z:/build/build/src/ipc/chromium/src/chrome/common/ipc_channel_win.cc, line 346
[Child 5608, Chrome_ChildThread] WARNING: pipe error: 109: file z:/build/build/src/ipc/chromium/src/chrome/common/ipc_channel_win.cc, line 346
*** UTM:SVC TimerManager:registerTimer called after profile-before-change notification. Ignoring timer registration for id: telemetry_modules_ping
1517994136514	geckodriver	INFO	geckodriver 0.19.1 (0000000000000000000000000000000000000000 2017-10-31)
1517994136514	geckodriver	INFO	Listening on 127.0.0.1:20384
1517994137076	mozrunner::runner	INFO	Running command: "C:\\Program Files\\Mozilla Firefox\\firefox.exe" "-marionette" "-profile" "C:\\Users\\win7\\AppData\\Local\\Temp\\rust_mozprofile.OMS6eAqVmZJE"
1517994137198	addons.manager	WARN	Failed to copy the application shipped blocklist to the profile: [Exception... "Component returned failure code: 0x80004005 (NS_ERROR_FAILURE) [nsIFile.copyTo]"  nsresult: "0x80004005 (NS_ERROR_FAILURE)"  location: "JS frame :: resource://gre/modules/AddonManager.jsm :: validateBlocklist :: line 657"  data: no] Stack trace: validateBlocklist()@resource://gre/modules/AddonManager.jsm:657 < startup()@resource://gre/modules/AddonManager.jsm:805 < startup()@resource://gre/modules/AddonManager.jsm:3089 < observe()@jar:file:///C:/Program%20Files/Mozilla%20Firefox/omni.ja!/components/addonManager.js:65
1517994137798	Marionette	INFO	Enabled via --marionette
JavaScript error: jar:file:///C:/Program%20Files/Mozilla%20Firefox/omni.ja!/components/ContentPrefService2.js, line 1090: NS_ERROR_FILE_NO_DEVICE_SPACE: Component returned failure code: 0x80520010 (NS_ERROR_FILE_NO_DEVICE_SPACE) [mozIStorageConnection.createTable]
JavaScript error: chrome://browser/content/browser-fullZoom.js, line 54: NS_ERROR_XPC_GS_RETURNED_FAILURE: Component returned failure code: 0x80570016 (NS_ERROR_XPC_GS_RETURNED_FAILURE) [nsIJSCID.getService]
1517994138607	addons.xpi-utils	WARN	Failed to save XPI database: {"operation":"write","path":"C:\\Users\\win7\\AppData\\Local\\Temp\\rust_mozprofile.OMS6eAqVmZJE\\extensions.json","winLastError":112}
JavaScript error: chrome://browser/content/browser-fullZoom.js, line 83: TypeError: this._cps2 is undefined
[Child 13348, Chrome_ChildThread] WARNING: pipe error: 109: file z:/build/build/src/ipc/chromium/src/chrome/common/ipc_channel_win.cc, line 346
[Child 13348, Chrome_ChildThread] WARNING: pipe error: 109: file z:/build/build/src/ipc/chromium/src/chrome/common/ipc_channel_win.cc, line 346
[Child 9740, Chrome_ChildThread] WARNING: pipe error: 109: file z:/build/build/src/ipc/chromium/src/chrome/common/ipc_channel_win.cc, line 346
[Child 9740, Chrome_ChildThread] WARNING: pipe error: 109: file z:/build/build/src/ipc/chromium/src/chrome/common/ipc_channel_win.cc, line 346
[Child 10536, Chrome_ChildThread] WARNING: pipe error: 109: file z:/build/build/src/ipc/chromium/src/chrome/common/ipc_channel_win.cc, line 346
[Child 10536, Chrome_ChildThread] WARNING: pipe error: 109: file z:/build/build/src/ipc/chromium/src/chrome/common/ipc_channel_win.cc, line 346
1517994151971	addons.xpi-utils	WARN	Error: XPI database modified after shutdown began (resource://gre/modules/addons/XPIProvider.jsm -> resource://gre/modules/addons/XPIProviderUtils.js:332:17) JS Stack trace: saveChanges@XPIProviderUtils.js:332:17 < shutdown@XPIProviderUtils.js:658:9 < shutdown@XPIProvider.jsm:2377:11 < _startProvider/AMProviderShutdown/<@AddonManager.jsm:745:21 < AMProviderShutdown@AddonManager.jsm:743:16 < trigger@AsyncShutdown.jsm:704:23 < _wait@AsyncShutdown.jsm:851:7 < wait@AsyncShutdown.jsm:835:28 < shutdownManager@AddonManager.jsm:1122:15 < trigger@AsyncShutdown.jsm:704:23 < _wait@AsyncShutdown.jsm:851:7 < wait@AsyncShutdown.jsm:835:28 < observe@AsyncShutdown.jsm:518:17
1517994151982	addons.xpi-utils	WARN	Failed to save XPI database: {"operation":"write","path":"C:\\Users\\win7\\AppData\\Local\\Temp\\rust_mozprofile.OMS6eAqVmZJE\\extensions.json","winLastError":112}
1517994159824	geckodriver	INFO	geckodriver 0.19.1 (0000000000000000000000000000000000000000 2017-10-31)
1517994159824	geckodriver	INFO	Listening on 127.0.0.1:20417
1517994179894	geckodriver	INFO	geckodriver 0.19.1 (0000000000000000000000000000000000000000 2017-10-31)
1517994179894	geckodriver	INFO	Listening on 127.0.0.1:20423
1517994186275	geckodriver	INFO	geckodriver 0.19.1 (0000000000000000000000000000000000000000 2017-10-31)
1517994186275	geckodriver	INFO	Listening on 127.0.0.1:20432
1517994186805	mozrunner::runner	INFO	Running command: "C:\\Program Files\\Mozilla Firefox\\firefox.exe" "-marionette" "-profile" "C:\\Users\\win7\\AppData\\Local\\Temp\\rust_mozprofile.apg7sLn1EDmF"
1517994186928	addons.manager	WARN	Failed to copy the application shipped blocklist to the profile: [Exception... "Component returned failure code: 0x80004005 (NS_ERROR_FAILURE) [nsIFile.copyTo]"  nsresult: "0x80004005 (NS_ERROR_FAILURE)"  location: "JS frame :: resource://gre/modules/AddonManager.jsm :: validateBlocklist :: line 657"  data: no] Stack trace: validateBlocklist()@resource://gre/modules/AddonManager.jsm:657 < startup()@resource://gre/modules/AddonManager.jsm:805 < startup()@resource://gre/modules/AddonManager.jsm:3089 < observe()@jar:file:///C:/Program%20Files/Mozilla%20Firefox/omni.ja!/components/addonManager.js:65
1517994187205	Marionette	INFO	Enabled via --marionette
JavaScript error: jar:file:///C:/Program%20Files/Mozilla%20Firefox/omni.ja!/components/ContentPrefService2.js, line 1090: NS_ERROR_FILE_NO_DEVICE_SPACE: Component returned failure code: 0x80520010 (NS_ERROR_FILE_NO_DEVICE_SPACE) [mozIStorageConnection.createTable]
JavaScript error: chrome://browser/content/browser-fullZoom.js, line 54: NS_ERROR_XPC_GS_RETURNED_FAILURE: Component returned failure code: 0x80570016 (NS_ERROR_XPC_GS_RETURNED_FAILURE) [nsIJSCID.getService]
1517994188173	addons.xpi-utils	WARN	Failed to save XPI database: {"operation":"write","path":"C:\\Users\\win7\\AppData\\Local\\Temp\\rust_mozprofile.apg7sLn1EDmF\\extensions.json","winLastError":112}
console.error: 
  Could not write session state file 
  Message: Win error 112 during operation makeDir on file C:\Users\win7\AppData\Local\Temp\rust_mozprofile.apg7sLn1EDmF\sessionstore-backups (磁盘空间不足。
)
  
JavaScript error: chrome://browser/content/browser-fullZoom.js, line 83: TypeError: this._cps2 is undefined
[Parent 2940, Gecko_IOThread] WARNING: pipe error: 109: file z:/build/build/src/ipc/chromium/src/chrome/common/ipc_channel_win.cc, line 346
[Child 11180, Chrome_ChildThread] WARNING: pipe error: 109: file z:/build/build/src/ipc/chromium/src/chrome/common/ipc_channel_win.cc, line 346
[Child 11180, Chrome_ChildThread] WARNING: pipe error: 109: file z:/build/build/src/ipc/chromium/src/chrome/common/ipc_channel_win.cc, line 346
[Child 12920, Chrome_ChildThread] WARNING: pipe error: 109: file z:/build/build/src/ipc/chromium/src/chrome/common/ipc_channel_win.cc, line 346
[Child 12920, Chrome_ChildThread] WARNING: pipe error: 109: file z:/build/build/src/ipc/chromium/src/chrome/common/ipc_channel_win.cc, line 346
[Child 10984, Chrome_ChildThread] WARNING: pipe error: 109: file z:/build/build/src/ipc/chromium/src/chrome/common/ipc_channel_win.cc, line 346
1517994243625	geckodriver	INFO	geckodriver 0.19.1 (0000000000000000000000000000000000000000 2017-10-31)
1517994243625	geckodriver	INFO	Listening on 127.0.0.1:20460
1517994274076	geckodriver	INFO	geckodriver 0.19.1 (0000000000000000000000000000000000000000 2017-10-31)
1517994274076	geckodriver	INFO	Listening on 127.0.0.1:20466
1517994283202	geckodriver	INFO	geckodriver 0.19.1 (0000000000000000000000000000000000000000 2017-10-31)
1517994283202	geckodriver	INFO	Listening on 127.0.0.1:20475
1517994337802	geckodriver	INFO	geckodriver 0.19.1 (0000000000000000000000000000000000000000 2017-10-31)
1517994337817	geckodriver	INFO	Listening on 127.0.0.1:20481
1517994343636	geckodriver	INFO	geckodriver 0.19.1 (0000000000000000000000000000000000000000 2017-10-31)
1517994343636	geckodriver	INFO	Listening on 127.0.0.1:20490
1517994856862	geckodriver	INFO	geckodriver 0.19.1 (0000000000000000000000000000000000000000 2017-10-31)
1517994856862	geckodriver	INFO	Listening on 127.0.0.1:20498
1517994857424	mozrunner::runner	INFO	Running command: "C:\\Program Files\\Mozilla Firefox\\firefox.exe" "-marionette" "-profile" "C:\\Users\\win7\\AppData\\Local\\Temp\\rust_mozprofile.g5U7bjG2oOw0"
1517994857966	Marionette	INFO	Enabled via --marionette
1517994860572	Marionette	INFO	Listening on port 20503
1517994860716	Marionette	WARN	TLS certificate errors will be ignored for this session
JavaScript warning: http://192.168.8.13:9090/res/js/jquery.min.js, line 4: Using //@ to indicate sourceMappingURL pragmas is deprecated. Use //# instead
JavaScript warning: http://192.168.8.13:9090/res/js/jquery.min.js, line 4: Using //@ to indicate sourceMappingURL pragmas is deprecated. Use //# instead
JavaScript warning: http://192.168.8.13:9090/res/js/jquery.min.js, line 4: Using //@ to indicate sourceMappingURL pragmas is deprecated. Use //# instead
JavaScript warning: http://192.168.8.13:9090/res/js/jquery.min.js, line 4: Using //@ to indicate sourceMappingURL pragmas is deprecated. Use //# instead
JavaScript warning: http://192.168.8.13:9090/res/js/jquery.min.js, line 4: Using //@ to indicate sourceMappingURL pragmas is deprecated. Use //# instead
1517994913309	addons.productaddons	WARN	Failed downloading XML, status: 0, reason: error
1517994913315	addons.productaddons	WARN	Failed downloading via XHR, status: 0, reason: error
1517994913316	addons.productaddons	WARN	Failed downloading via XHR, status: 0, reason: error
[Parent 14956, Gecko_IOThread] WARNING: pipe error: 109: file z:/build/build/src/ipc/chromium/src/chrome/common/ipc_channel_win.cc, line 346
[Parent 14956, Gecko_IOThread] WARNING: pipe error: 109: file z:/build/build/src/ipc/chromium/src/chrome/common/ipc_channel_win.cc, line 346
[Child 13740, Chrome_ChildThread] WARNING: pipe error: 109: file z:/build/build/src/ipc/chromium/src/chrome/common/ipc_channel_win.cc, line 346
[Child 13740, Chrome_ChildThread] WARNING: pipe error: 109: file z:/build/build/src/ipc/chromium/src/chrome/common/ipc_channel_win.cc, line 346
[Child 6824, Chrome_ChildThread] WARNING: pipe error: 109: file z:/build/build/src/ipc/chromium/src/chrome/common/ipc_channel_win.cc, line 346
[Child 6824, Chrome_ChildThread] WARNING: pipe error: 109: file z:/build/build/src/ipc/chromium/src/chrome/common/ipc_channel_win.cc, line 346
[Child 3256, Chrome_ChildThread] WARNING: pipe error: 109: file z:/build/build/src/ipc/chromium/src/chrome/common/ipc_channel_win.cc, line 346
1518320217896	geckodriver	INFO	geckodriver 0.19.1 (0000000000000000000000000000000000000000 2017-10-31)
1518320217911	geckodriver	INFO	Listening on 127.0.0.1:1159
1518320218317	mozrunner::runner	INFO	Running command: "C:\\Program Files\\Mozilla Firefox\\firefox.exe" "-marionette" "-profile" "C:\\Users\\win7\\AppData\\Local\\Temp\\rust_mozprofile.JnflmRw03gic"
1518320220040	Marionette	INFO	Enabled via --marionette
1518320224102	Marionette	INFO	Listening on port 1164
1518320224520	Marionette	WARN	TLS certificate errors will be ignored for this session
JavaScript warning: http://192.168.8.13:9090/res/js/jquery.min.js, line 4: Using //@ to indicate sourceMappingURL pragmas is deprecated. Use //# instead
[Parent 3008, Gecko_IOThread] WARNING: pipe error: 109: file z:/build/build/src/ipc/chromium/src/chrome/common/ipc_channel_win.cc, line 346
[Parent 3008, Gecko_IOThread] WARNING: pipe error: 109: file z:/build/build/src/ipc/chromium/src/chrome/common/ipc_channel_win.cc, line 346
[Child 4504, Chrome_ChildThread] WARNING: pipe error: 109: file z:/build/build/src/ipc/chromium/src/chrome/common/ipc_channel_win.cc, line 346
[Child 4504, Chrome_ChildThread] WARNING: pipe error: 109: file z:/build/build/src/ipc/chromium/src/chrome/common/ipc_channel_win.cc, line 346
[Child 5244, Chrome_ChildThread] WARNING: pipe error: 109: file z:/build/build/src/ipc/chromium/src/chrome/common/ipc_channel_win.cc, line 346
[Child 5244, Chrome_ChildThread] WARNING: pipe error: 109: file z:/build/build/src/ipc/chromium/src/chrome/common/ipc_channel_win.cc, line 346
[Parent 3008, Gecko_IOThread] WARNING: pipe error: 109: file z:/build/build/src/ipc/chromium/src/chrome/common/ipc_channel_win.cc, line 346
*** UTM:SVC TimerManager:registerTimer called after profile-before-change notification. Ignoring timer registration for id: telemetry_modules_ping
1518320257230	geckodriver	INFO	geckodriver 0.19.1 (0000000000000000000000000000000000000000 2017-10-31)
1518320257230	geckodriver	INFO	Listening on 127.0.0.1:1202
1518320257792	mozrunner::runner	INFO	Running command: "C:\\Program Files\\Mozilla Firefox\\firefox.exe" "-marionette" "-profile" "C:\\Users\\win7\\AppData\\Local\\Temp\\rust_mozprofile.OWfjrjgilUpS"
1518320258552	Marionette	INFO	Enabled via --marionette
1518320261618	Marionette	INFO	Listening on port 1207
1518320261698	Marionette	WARN	TLS certificate errors will be ignored for this session
JavaScript warning: http://192.168.8.13:9090/res/js/jquery.min.js, line 4: Using //@ to indicate sourceMappingURL pragmas is deprecated. Use //# instead
JavaScript warning: http://192.168.8.13:9090/res/js/jquery.min.js, line 4: Using //@ to indicate sourceMappingURL pragmas is deprecated. Use //# instead
JavaScript warning: http://192.168.8.13:9090/res/js/jquery.min.js, line 4: Using //@ to indicate sourceMappingURL pragmas is deprecated. Use //# instead
JavaScript warning: http://192.168.8.13:9090/res/js/jquery.min.js, line 4: Using //@ to indicate sourceMappingURL pragmas is deprecated. Use //# instead
JavaScript warning: http://192.168.8.13:9090/res/js/jquery.min.js, line 4: Using //@ to indicate sourceMappingURL pragmas is deprecated. Use //# instead
1518320288828	addons.productaddons	WARN	Failed downloading XML, status: 0, reason: error
1518320288834	addons.productaddons	WARN	Failed downloading via XHR, status: 0, reason: error
1518320288836	addons.productaddons	WARN	Failed downloading via XHR, status: 0, reason: error
JavaScript error: https://ss1.bdstatic.com/5eN1bjq8AAUYm2zgoY3K/r/www/cache/static/protocol/https/plugins/every_cookie_4644b13.js, line 4: ReferenceError: c is not defined
JavaScript error: http://www.seleniumhq.org/tophatpromo.js, line 1: ReferenceError: $ is not defined
JavaScript error: http://www.seleniumhq.org/tophatpromo.js, line 1: ReferenceError: $ is not defined
JavaScript error: http://www.seleniumhq.org/tophatpromo.js, line 1: ReferenceError: $ is not defined
JavaScript error: http://www.seleniumhq.org/tophatpromo.js, line 1: ReferenceError: $ is not defined
[Child 6112, Chrome_ChildThread] WARNING: pipe error: 109: file z:/build/build/src/ipc/chromium/src/chrome/common/ipc_channel_win.cc, line 346
[Child 6112, Chrome_ChildThread] WARNING: pipe error: 109: file z:/build/build/src/ipc/chromium/src/chrome/common/ipc_channel_win.cc, line 346
JavaScript error: http://blog.reallysimplethoughts.com/2015/03/09/selenium-ide-scheduler-has-arrived-part-1/, line 391: ReferenceError: st_go is not defined
JavaScript warning: http://c.csdnimg.cn/public/common/libs/jquery/jquery-1.9.1.min.js, line 1: Using //@ to indicate sourceMappingURL pragmas is deprecated. Use //# instead
JavaScript warning: http://csdnimg.cn/rabbit/exposure-click/main-1.0.5.js, line 556: unreachable code after return statement
JavaScript warning: http://csdnimg.cn/rabbit/exposure-click/main-1.0.5.js, line 556: unreachable code after return statement
JavaScript error: http://www.seleniumhq.org/tophatpromo.js, line 1: ReferenceError: $ is not defined
JavaScript error: http://www.seleniumhq.org/tophatpromo.js, line 1: ReferenceError: $ is not defined
1518328201268	addons.xpi	WARN	Failed to remove temporary file C:\Users\win7\AppData\Local\Temp\tmp-l1u.xpi for addon https://addons.mozilla.org/firefox/downloads/file/740298/nightly_tester_tools-4.0-an+fx-windows.xpi?src=dp-btn-primary: [Exception... "Component returned failure code: 0x80520015 (NS_ERROR_FILE_ACCESS_DENIED) [nsIFile.remove]"  nsresult: "0x80520015 (NS_ERROR_FILE_ACCESS_DENIED)"  location: "JS frame :: resource://gre/modules/addons/XPIInstall.jsm :: removeTemporaryFile :: line 1558"  data: no] Stack trace: removeTemporaryFile()@resource://gre/modules/addons/XPIInstall.jsm:1558 < startInstall/<()@resource://gre/modules/addons/XPIInstall.jsm:1913
JavaScript error: resource://gre/modules/ExtensionContent.jsm, line 357: TypeError: Argument 1 of PrecompiledScript.executeInGlobal is not an object.
JavaScript error: resource:///modules/BrowserUsageTelemetry.jsm, line 290: NS_ERROR_FAILURE: Component returned failure code: 0x80004005 (NS_ERROR_FAILURE) [nsIAutoCompleteController.getStyleAt]
JavaScript error: http://bdimg.share.baidu.com/static/api/js/trans/logger.js?v=60603cb3.js, line 1: TypeError: n.ajax.request is not a function
windows.onRemoved event fired after context unloaded.
tabs.onRemoved event fired after context unloaded.
tabs.onRemoved event fired after context unloaded.
tabs.onRemoved event fired after context unloaded.
[Child 2792, Chrome_ChildThread] WARNING: pipe error: 109: file z:/build/build/src/ipc/chromium/src/chrome/common/ipc_channel_win.cc, line 346
[Child 3004, Chrome_ChildThread] WARNING: pipe error: 109: file z:/build/build/src/ipc/chromium/src/chrome/common/ipc_channel_win.cc, line 346
[Child 3004, Chrome_ChildThread] WARNING: pipe error: 109: file z:/build/build/src/ipc/chromium/src/chrome/common/ipc_channel_win.cc, line 346
[Child 5496, Chrome_ChildThread] WARNING: pipe error: 109: file z:/build/build/src/ipc/chromium/src/chrome/common/ipc_channel_win.cc, line 346
[Child 5496, Chrome_ChildThread] WARNING: pipe error: 109: file z:/build/build/src/ipc/chromium/src/chrome/common/ipc_channel_win.cc, line 346
[Child 5656, Chrome_ChildThread] WARNING: pipe error: 109: file z:/build/build/src/ipc/chromium/src/chrome/common/ipc_channel_win.cc, line 346
[Child 5656, Chrome_ChildThread] WARNING: pipe error: 109: file z:/build/build/src/ipc/chromium/src/chrome/common/ipc_channel_win.cc, line 346
1518329668999	geckodriver	INFO	geckodriver 0.19.1 (0000000000000000000000000000000000000000 2017-10-31)
1518329668999	geckodriver	INFO	Listening on 127.0.0.1:2983
1518329669514	mozrunner::runner	INFO	Running command: "C:\\Program Files\\Mozilla Firefox\\firefox.exe" "-marionette" "-profile" "C:\\Users\\win7\\AppData\\Local\\Temp\\rust_mozprofile.3pe8S8RMRarJ"
1518329670294	Marionette	INFO	Enabled via --marionette
1518329672873	Marionette	INFO	Listening on port 2988
1518329672947	Marionette	WARN	TLS certificate errors will be ignored for this session
JavaScript warning: http://192.168.8.13:9090/res/js/jquery.min.js, line 4: Using //@ to indicate sourceMappingURL pragmas is deprecated. Use //# instead
JavaScript warning: http://192.168.8.13:9090/res/js/jquery.min.js, line 4: Using //@ to indicate sourceMappingURL pragmas is deprecated. Use //# instead
JavaScript warning: http://192.168.8.13:9090/res/js/jquery.min.js, line 4: Using //@ to indicate sourceMappingURL pragmas is deprecated. Use //# instead
JavaScript warning: http://192.168.8.13:9090/res/js/jquery.min.js, line 4: Using //@ to indicate sourceMappingURL pragmas is deprecated. Use //# instead
JavaScript warning: http://192.168.8.13:9090/res/js/jquery.min.js, line 4: Using //@ to indicate sourceMappingURL pragmas is deprecated. Use //# instead
[Parent 6016, Gecko_IOThread] WARNING: pipe error: 109: file z:/build/build/src/ipc/chromium/src/chrome/common/ipc_channel_win.cc, line 346
[Parent 6016, Gecko_IOThread] WARNING: pipe error: 109: file z:/build/build/src/ipc/chromium/src/chrome/common/ipc_channel_win.cc, line 346
[Child 1652, Chrome_ChildThread] WARNING: pipe error: 109: file z:/build/build/src/ipc/chromium/src/chrome/common/ipc_channel_win.cc, line 346
[Child 1652, Chrome_ChildThread] WARNING: pipe error: 109: file z:/build/build/src/ipc/chromium/src/chrome/common/ipc_channel_win.cc, line 346
[Child 4968, Chrome_ChildThread] WARNING: pipe error: 109: file z:/build/build/src/ipc/chromium/src/chrome/common/ipc_channel_win.cc, line 346
[Child 4968, Chrome_ChildThread] WARNING: pipe error: 109: file z:/build/build/src/ipc/chromium/src/chrome/common/ipc_channel_win.cc, line 346
[Child 4628, Chrome_ChildThread] WARNING: pipe error: 109: file z:/build/build/src/ipc/chromium/src/chrome/common/ipc_channel_win.cc, line 346
[Child 4628, Chrome_ChildThread] WARNING: pipe error: 109: file z:/build/build/src/ipc/chromium/src/chrome/common/ipc_channel_win.cc, line 346
*** UTM:SVC TimerManager:registerTimer called after profile-before-change notification. Ignoring timer registration for id: telemetry_modules_ping
1519635309856	geckodriver	INFO	geckodriver 0.19.1 (0000000000000000000000000000000000000000 2017-10-31)
1519635309871	geckodriver	INFO	Listening on 127.0.0.1:1669
1519635310464	mozrunner::runner	INFO	Running command: "C:\\Program Files\\Firefox Developer Edition\\firefox.exe" "-marionette" "-profile" "C:\\Users\\win7\\AppData\\Local\\Temp\\rust_mozprofile.HqGRUpvcRC65"
1519635311329	Marionette	INFO	Enabled via --marionette
1519635314115	Marionette	INFO	Listening on port 1674
1519635314391	Marionette	WARN	TLS certificate errors will be ignored for this session
JavaScript warning: http://192.168.8.13:9090/res/js/jquery.min.js, line 4: Using //@ to indicate sourceMappingURL pragmas is deprecated. Use //# instead
JavaScript warning: http://192.168.8.13:9090/res/js/jquery.min.js, line 4: Using //@ to indicate sourceMappingURL pragmas is deprecated. Use //# instead
JavaScript warning: http://192.168.8.13:9090/res/js/jquery.min.js, line 4: Using //@ to indicate sourceMappingURL pragmas is deprecated. Use //# instead
JavaScript warning: http://192.168.8.13:9090/res/js/jquery.min.js, line 4: Using //@ to indicate sourceMappingURL pragmas is deprecated. Use //# instead
JavaScript warning: http://192.168.8.13:9090/res/js/jquery.min.js, line 4: Using //@ to indicate sourceMappingURL pragmas is deprecated. Use //# instead
[Parent 2976, Gecko_IOThread] WARNING: pipe error: 109: file z:/build/build/src/ipc/chromium/src/chrome/common/ipc_channel_win.cc, line 346
[Parent 2976, Gecko_IOThread] WARNING: pipe error: 109: file z:/build/build/src/ipc/chromium/src/chrome/common/ipc_channel_win.cc, line 346
[Child 2928, Chrome_ChildThread] WARNING: pipe error: 109: file z:/build/build/src/ipc/chromium/src/chrome/common/ipc_channel_win.cc, line 346
[Child 2928, Chrome_ChildThread] WARNING: pipe error: 109: file z:/build/build/src/ipc/chromium/src/chrome/common/ipc_channel_win.cc, line 346
[Child 4800, Chrome_ChildThread] WARNING: pipe error: 109: file z:/build/build/src/ipc/chromium/src/chrome/common/ipc_channel_win.cc, line 346
[Child 4800, Chrome_ChildThread] WARNING: pipe error: 109: file z:/build/build/src/ipc/chromium/src/chrome/common/ipc_channel_win.cc, line 346
[Parent 2976, Gecko_IOThread] WARNING: pipe error: 109: file z:/build/build/src/ipc/chromium/src/chrome/common/ipc_channel_win.cc, line 346
[Child 3944, Chrome_ChildThread] WARNING: pipe error: 109: file z:/build/build/src/ipc/chromium/src/chrome/common/ipc_channel_win.cc, line 346
[Child 3944, Chrome_ChildThread] WARNING: pipe error: 109: file z:/build/build/src/ipc/chromium/src/chrome/common/ipc_channel_win.cc, line 346
1519871539560	geckodriver	INFO	geckodriver 0.19.1 (0000000000000000000000000000000000000000 2017-10-31)
1519871539576	geckodriver	INFO	Listening on 127.0.0.1:4769
1519871540106	mozrunner::runner	INFO	Running command: "C:\\Program Files\\Firefox Developer Edition\\firefox.exe" "-marionette" "-profile" "C:\\Users\\win7\\AppData\\Local\\Temp\\rust_mozprofile.fodp1rcJastW"
1519871541035	Marionette	INFO	Enabled via --marionette
[Child 3112, Chrome_ChildThread] WARNING: pipe error: 109: file z:/build/build/src/ipc/chromium/src/chrome/common/ipc_channel_win.cc, line 346
[Child 3112, Chrome_ChildThread] WARNING: pipe error: 109: file z:/build/build/src/ipc/chromium/src/chrome/common/ipc_channel_win.cc, line 346
Promise rejected while context is inactive: Message manager disconnected
[Child 6396, Chrome_ChildThread] WARNING: pipe error: 109: file z:/build/build/src/ipc/chromium/src/chrome/common/ipc_channel_win.cc, line 346
[Child 6396, Chrome_ChildThread] WARNING: pipe error: 109: file z:/build/build/src/ipc/chromium/src/chrome/common/ipc_channel_win.cc, line 346
[Child 2836, Chrome_ChildThread] WARNING: pipe error: 109: file z:/build/build/src/ipc/chromium/src/chrome/common/ipc_channel_win.cc, line 346
*** UTM:SVC TimerManager:registerTimer called after profile-before-change notification. Ignoring timer registration for id: telemetry_modules_ping

###!!! [Child][MessageChannel::SendAndWait] Error: Channel error: cannot send/recv

1519871595916	geckodriver	INFO	geckodriver 0.19.1 (0000000000000000000000000000000000000000 2017-10-31)
1519871595916	geckodriver	INFO	Listening on 127.0.0.1:4788
1519871596337	mozrunner::runner	INFO	Running command: "C:\\Program Files\\Firefox Developer Edition\\firefox.exe" "-marionette" "-profile" "C:\\Users\\win7\\AppData\\Local\\Temp\\rust_mozprofile.kYBGCXhbAHK2"
1519871596835	Marionette	INFO	Enabled via --marionette
1519871599116	Marionette	INFO	Listening on port 4793
1519871599123	Marionette	WARN	TLS certificate errors will be ignored for this session
JavaScript warning: http://192.168.8.98:9090/res/js/jquery.min.js, line 4: Using //@ to indicate sourceMappingURL pragmas is deprecated. Use //# instead
JavaScript warning: http://192.168.8.98:9090/res/js/jquery.min.js, line 4: Using //@ to indicate sourceMappingURL pragmas is deprecated. Use //# instead
JavaScript warning: http://192.168.8.98:9090/res/js/jquery.min.js, line 4: Using //@ to indicate sourceMappingURL pragmas is deprecated. Use //# instead
JavaScript warning: http://192.168.8.98:9090/res/js/jquery.min.js, line 4: Using //@ to indicate sourceMappingURL pragmas is deprecated. Use //# instead
JavaScript warning: http://192.168.8.98:9090/res/js/jquery.min.js, line 4: Using //@ to indicate sourceMappingURL pragmas is deprecated. Use //# instead
1519871623080	addons.productaddons	WARN	Failed downloading XML, status: 0, reason: error
1519871623090	addons.productaddons	WARN	Failed downloading via XHR, status: 0, reason: error
1519871623093	addons.productaddons	WARN	Failed downloading via XHR, status: 0, reason: error
[Child 7600, Chrome_ChildThread] WARNING: pipe error: 109: file z:/build/build/src/ipc/chromium/src/chrome/common/ipc_channel_win.cc, line 346
[Child 7600, Chrome_ChildThread] WARNING: pipe error: 109: file z:/build/build/src/ipc/chromium/src/chrome/common/ipc_channel_win.cc, line 346
[Parent 7136, Gecko_IOThread] WARNING: pipe error: 109: file z:/build/build/src/ipc/chromium/src/chrome/common/ipc_channel_win.cc, line 346
[Child 7956, Chrome_ChildThread] WARNING: pipe error: 109: file z:/build/build/src/ipc/chromium/src/chrome/common/ipc_channel_win.cc, line 346
[Child 7956, Chrome_ChildThread] WARNING: pipe error: 109: file z:/build/build/src/ipc/chromium/src/chrome/common/ipc_channel_win.cc, line 346
[Child 7416, Chrome_ChildThread] WARNING: pipe error: 109: file z:/build/build/src/ipc/chromium/src/chrome/common/ipc_channel_win.cc, line 346
[Child 7416, Chrome_ChildThread] WARNING: pipe error: 109: file z:/build/build/src/ipc/chromium/src/chrome/common/ipc_channel_win.cc, line 346
[GPU 7300, Chrome_ChildThread] WARNING: pipe error: 109: file z:/build/build/src/ipc/chromium/src/chrome/common/ipc_channel_win.cc, line 346
ctaddons	WARN	Failed downloading via XHR, status: 0, reason: error
1519893514296	addons.productaddons	WARN	Failed downloading via XHR, status: 0, reason: error
JavaScript warning: http://192.168.8.98:9090/res/js/jquery.min.js, line 4: Using //@ to indicate sourceMappingURL pragmas is deprecated. Use //# instead
JavaScript warning: http://192.168.8.98:9090/res/js/jquery.min.js, line 4: Using //@ to indicate sourceMappingURL pragmas is deprecated. Use //# instead
*************************
A coding exception was thrown and uncaught in a Task.

Full message: TypeError: content.text is undefined
Full stack: fetchStylesheetFromNetworkMonitor@resource://devtools/shared/base-loader.js -> resource://devtools/server/actors/stylesheets.js:480:1
StyleSheetActor<.fetchStylesheet<@resource://devtools/shared/base-loader.js -> resource://devtools/server/actors/stylesheets.js:410:18
_run@resource://devtools/shared/base-loader.js -> resource://devtools/shared/task.js:310:39
TaskImpl@resource://devtools/shared/base-loader.js -> resource://devtools/shared/task.js:272:3
asyncFunction@resource://devtools/shared/base-loader.js -> resource://devtools/shared/task.js:246:14
_getText@resource://devtools/shared/base-loader.js -> resource://devtools/server/actors/stylesheets.js:390:12
getText@resource://devtools/shared/base-loader.js -> resource://devtools/server/actors/stylesheets.js:360:12
getAuthoredCssText@resource://devtools/shared/base-loader.js -> resource://devtools/server/actors/styles.js:1249:12
PageStyleActor<.getApplied<@resource://devtools/shared/base-loader.js -> resource://devtools/server/actors/styles.js:461:13
_run@resource://devtools/shared/base-loader.js -> resource://devtools/shared/task.js:310:39
process@resource://gre/modules/Promise.jsm -> resource://gre/modules/Promise-backend.js:922:23
walkerLoop@resource://gre/modules/Promise.jsm -> resource://gre/modules/Promise-backend.js:806:7
scheduleWalkerLoop/<@resource://gre/modules/Promise.jsm -> resource://gre/modules/Promise-backend.js:742:11

*************************
*************************
A coding exception was thrown and uncaught in a Task.

Full message: TypeError: content.text is undefined
Full stack: fetchStylesheetFromNetworkMonitor@resource://devtools/shared/base-loader.js -> resource://devtools/server/actors/stylesheets.js:480:1
StyleSheetActor<.fetchStylesheet<@resource://devtools/shared/base-loader.js -> resource://devtools/server/actors/stylesheets.js:410:18
_run@resource://devtools/shared/base-loader.js -> resource://devtools/shared/task.js:310:39
TaskImpl@resource://devtools/shared/base-loader.js -> resource://devtools/shared/task.js:272:3
asyncFunction@resource://devtools/shared/base-loader.js -> resource://devtools/shared/task.js:246:14
_getText@resource://devtools/shared/base-loader.js -> resource://devtools/server/actors/stylesheets.js:390:12
getText@resource://devtools/shared/base-loader.js -> resource://devtools/server/actors/stylesheets.js:360:12
getAuthoredCssText@resource://devtools/shared/base-loader.js -> resource://devtools/server/actors/styles.js:1249:12
PageStyleActor<.getApplied<@resource://devtools/shared/base-loader.js -> resource://devtools/server/actors/styles.js:461:13
_run@resource://devtools/shared/base-loader.js -> resource://devtools/shared/task.js:310:39
process@resource://gre/modules/Promise.jsm -> resource://gre/modules/Promise-backend.js:922:23
walkerLoop@resource://gre/modules/Promise.jsm -> resource://gre/modules/Promise-backend.js:806:7
scheduleWalkerLoop/<@resource://gre/modules/Promise.jsm -> resource://gre/modules/Promise-backend.js:742:11

*************************
console.error: 
  Message: TypeError: content.text is undefined
  Stack:
    fetchStylesheetFromNetworkMonitor@resource://devtools/shared/base-loader.js -> resource://devtools/server/actors/stylesheets.js:480:1
StyleSheetActor<.fetchStylesheet<@resource://devtools/shared/base-loader.js -> resource://devtools/server/actors/stylesheets.js:410:18
_run@resource://devtools/shared/base-loader.js -> resource://devtools/shared/task.js:310:39
TaskImpl@resource://devtools/shared/base-loader.js -> resource://devtools/shared/task.js:272:3
asyncFunction@resource://devtools/shared/base-loader.js -> resource://devtools/shared/task.js:246:14
_getText@resource://devtools/shared/base-loader.js -> resource://devtools/server/actors/stylesheets.js:390:12
getText@resource://devtools/shared/base-loader.js -> resource://devtools/server/actors/stylesheets.js:360:12
getAuthoredCssText@resource://devtools/shared/base-loader.js -> resource://devtools/server/actors/styles.js:1249:12
PageStyleActor<.getApplied<@resource://devtools/shared/base-loader.js -> resource://devtools/server/actors/styles.js:461:13
_run@resource://devtools/shared/base-loader.js -> resource://devtools/shared/task.js:310:39
process@resource://gre/modules/Promise.jsm -> resource://gre/modules/Promise-backend.js:922:23
walkerLoop@resource://gre/modules/Promise.jsm -> resource://gre/modules/Promise-backend.js:806:7
scheduleWalkerLoop/<@resource://gre/modules/Promise.jsm -> resource://gre/modules/Promise-backend.js:742:11

fetchStylesheetFromNetworkMonitor@resource://devtools/shared/base-loader.js -> resource://devtools/server/actors/stylesheets.js:480:1
StyleSheetActor<.fetchStylesheet<@resource://devtools/shared/base-loader.js -> resource://devtools/server/actors/stylesheets.js:410:18
_run@resource://devtools/shared/base-loader.js -> resource://devtools/shared/task.js:310:39
TaskImpl@resource://devtools/shared/base-loader.js -> resource://devtools/shared/task.js:272:3
asyncFunction@resource://devtools/shared/base-loader.js -> resource://devtools/shared/task.js:246:14
_getText@resource://devtools/shared/base-loader.js -> resource://devtools/server/actors/stylesheets.js:390:12
getText@resource://devtools/shared/base-loader.js -> resource://devtools/server/actors/stylesheets.js:360:12
getAuthoredCssText@resource://devtools/shared/base-loader.js -> resource://devtools/server/actors/styles.js:1249:12
PageStyleActor<.getApplied<@resource://devtools/shared/base-loader.js -> resource://devtools/server/actors/styles.js:461:13
_run@resource://devtools/shared/base-loader.js -> resource://devtools/shared/task.js:310:39
process@resource://gre/modules/Promise.jsm -> resource://gre/modules/Promise-backend.js:922:23
walkerLoop@resource://gre/modules/Promise.jsm -> resource://gre/modules/Promise-backend.js:806:7
scheduleWalkerLoop/<@resource://gre/modules/Promise.jsm -> resource://gre/modules/Promise-backend.js:742:11
console.error: 
  Protocol error (unknownError): content.text is undefined
console.error: 
  Protocol error (unknownError): content.text is undefined
console.error: 
  Protocol error (unknownError): content.text is undefined
[Parent 5528, Gecko_IOThread] WARNING: pipe error: 109: file z:/build/build/src/ipc/chromium/src/chrome/common/ipc_channel_win.cc, line 346
[Child 7272, Chrome_ChildThread] WARNING: pipe error: 109: file z:/build/build/src/ipc/chromium/src/chrome/common/ipc_channel_win.cc, line 346
[Child 7272, Chrome_ChildThread] WARNING: pipe error: 109: file z:/build/build/src/ipc/chromium/src/chrome/common/ipc_channel_win.cc, line 346

###!!! [Child][MessageChannel::SendAndWait] Error: Channel error: cannot send/recv

